<?xml version="1.0" encoding="UTF-8"?>
<Site BuildName="Linux-c++"
	BuildStamp="20230822-1610-Experimental"
	Name="cantor"
	Generator="ctest-3.21.0"
	CompilerName="/usr/bin/c++"
	CompilerVersion="7.5.0"
	OSName="Linux"
	Hostname="cantor"
	OSRelease="5.4.0-150-generic"
	OSVersion="#167~18.04.1-Ubuntu SMP Wed May 24 00:51:42 UTC 2023"
	OSPlatform="x86_64"
	Is64Bits="1"
	VendorString="GenuineIntel"
	VendorID="Intel Corporation"
	FamilyID="6"
	ModelID="158"
	ProcessorCacheSize="12288"
	NumberOfLogicalCPU="12"
	NumberOfPhysicalCPU="6"
	TotalVirtualMemory="2047"
	TotalPhysicalMemory="15719"
	LogicalProcessorsPerPhysical="2"
	ProcessorClockFrequency="3246.46"
	>
	<Testing>
		<StartDateTime>Aug 22 12:10 EDT</StartDateTime>
		<StartTestTime>1692720655</StartTestTime>
		<TestList/>
		<EndDateTime>Aug 22 12:10 EDT</EndDateTime>
		<EndTestTime>1692720655</EndTestTime>
		<ElapsedMinutes>0</ElapsedMinutes>
	</Testing>
</Site>
